DEBUG tests/darray_algos_tests.c:78: ----- RUNNING: ./tests/darray_algos_tests
DEBUG tests/darray_algos_tests.c:71: 
----- test_qsort
DEBUG tests/darray_algos_tests.c:42: --- Testing qsort sorting algorithm
DEBUG tests/darray_algos_tests.c:72: 
----- test_heapsort
DEBUG tests/darray_algos_tests.c:42: --- Testing heapsort sorting algorithm
DEBUG tests/darray_algos_tests.c:73: 
----- test_mergesort
DEBUG tests/darray_algos_tests.c:42: --- Testing mergesort sorting algorithm
DEBUG tests/darray_tests.c:132: ----- RUNNING: ./tests/darray_tests
DEBUG tests/darray_tests.c:120: 
----- test_create
DEBUG tests/darray_tests.c:121: 
----- test_new
DEBUG tests/darray_tests.c:122: 
----- test_set
DEBUG tests/darray_tests.c:123: 
----- test_get
DEBUG tests/darray_tests.c:124: 
----- test_remove
DEBUG tests/darray_tests.c:125: 
----- test_expand_contract
DEBUG tests/darray_tests.c:126: 
----- test_push_pop
DEBUG tests/darray_tests.c:127: 
----- test_destroy
DEBUG tests/radixmap_tests.c:110: ----- RUNNING: ./tests/radixmap_tests
DEBUG tests/radixmap_tests.c:105: 
----- test_operations
[ERROR] (tests/radixmap_tests.c:51: errno: None) Didn't found 1843333783 at 100.
[ERROR] (tests/radixmap_tests.c:75: errno: None) Failed the search test.
